Сборка начата 25.10.2021 18:24:00.
Уровень детализации журнала: Normal.     1>Проект "D:\_УЧЁБА_\Лабораторные работы\ОПИ (Наркевич)\Лаба 6\Лаба 6\Лаба 7\Лаба 7.vcxproj" в узле 2 (целевые объекты Build).
     1>PrepareForBuild:
         Создание каталога "Debug\Лаба 7.tlog\".
       InitializeBuildStatus:
         Создание "Debug\Лаба 7.tlog\unsuccessfulbuild", так как было задано "AlwaysCreate".
       ClCompile:
         C:\Program Files (x86)\Microsoft Visual Studio\2019\Community\VC\Tools\MSVC\14.29.30133\bin\HostX86\x86\CL.exe /c /ZI /JMC /nologo /W3 /WX- /diagnostics:column /sdl /Od /Oy- /D WIN32 /D _DEBUG /D _CONSOLE /D _UNICODE /D UNICODE /Gm- /EHsc /RTC1 /MDd /GS /fp:precise /permissive- /Zc:wchar_t /Zc:forScope /Zc:inline /Fo"Debug\\" /Fd"Debug\vc142.pdb" /external:W3 /Gd /TP /analyze- /FC /errorReport:prompt Source.cpp
         Source.cpp
     1>D:\_УЧЁБА_\Лабораторные работы\ОПИ (Наркевич)\Лаба 6\Лаба 6\Лаба 7\Source.cpp(6,1): warning C4326: возвращаемый тип "main" должен быть "int", а не "void"
       Link:
         C:\Program Files (x86)\Microsoft Visual Studio\2019\Community\VC\Tools\MSVC\14.29.30133\bin\HostX86\x86\link.exe /ERRORREPORT:PROMPT /OUT:"D:\_УЧЁБА_\Лабораторные работы\ОПИ (Наркевич)\Лаба 6\Лаба 6\Debug\Лаба 7.exe" /INCREMENTAL /ILK:"Debug\Лаба 7.ilk" /NOLOGO kernel32.lib user32.lib gdi32.lib winspool.lib comdlg32.lib advapi32.lib shell32.lib ole32.lib oleaut32.lib uuid.lib odbc32.lib odbccp32.lib /MANIFEST /MANIFESTUAC:"level='asInvoker' uiAccess='false'" /manifest:embed /DEBUG /PDB:"D:\_УЧЁБА_\Лабораторные работы\ОПИ (Наркевич)\Лаба 6\Лаба 6\Debug\Лаба 7.pdb" /SUBSYSTEM:CONSOLE /TLBID:1 /DYNAMICBASE /NXCOMPAT /IMPLIB:"D:\_УЧЁБА_\Лабораторные работы\ОПИ (Наркевич)\Лаба 6\Лаба 6\Debug\Лаба 7.lib" /MACHINE:X86 Debug\Source.obj
         Лаба 7.vcxproj -> D:\_УЧЁБА_\Лабораторные работы\ОПИ (Наркевич)\Лаба 6\Лаба 6\Debug\Лаба 7.exe
       FinalizeBuildStatus:
         Файл "Debug\Лаба 7.tlog\unsuccessfulbuild" удаляется.
         Обращение к "Debug\Лаба 7.tlog\Лаба 7.lastbuildstate".
     1>Сборка проекта "D:\_УЧЁБА_\Лабораторные работы\ОПИ (Наркевич)\Лаба 6\Лаба 6\Лаба 7\Лаба 7.vcxproj" завершена (целевые объекты Build).

Сборка успешно завершена.

       "D:\_УЧЁБА_\Лабораторные работы\ОПИ (Наркевич)\Лаба 6\Лаба 6\Лаба 7\Лаба 7.vcxproj" (целевой объект Build ) (1) ->
       (Целевой объект ClCompile) -> 
         D:\_УЧЁБА_\Лабораторные работы\ОПИ (Наркевич)\Лаба 6\Лаба 6\Лаба 7\Source.cpp(6,1): warning C4326: возвращаемый тип "main" должен быть "int", а не "void"

    Предупреждений: 1
    Ошибок: 0

Прошло времени 00:00:01.22
