Сборка начата 27.09.2021 20:27:12.
Уровень детализации журнала: Normal.     1>Проект "D:\_УЧЁБА_\Лабораторные работы\ОАП (Белодед)\Лаба 5\Лаба 5.2\Лаба 5.2.vcxproj" в узле 2 (целевые объекты Build).
     1>InitializeBuildStatus:
         Создание "Debug\Лаба 5.2.tlog\unsuccessfulbuild", так как было задано "AlwaysCreate".
       ClCompile:
         C:\Program Files (x86)\Microsoft Visual Studio\2019\Community\VC\Tools\MSVC\14.29.30133\bin\HostX86\x86\CL.exe /c /ZI /JMC /nologo /W3 /WX- /diagnostics:column /sdl /Od /Oy- /D WIN32 /D _DEBUG /D _CONSOLE /D _UNICODE /D UNICODE /Gm- /EHsc /RTC1 /MDd /GS /fp:precise /permissive- /Zc:wchar_t /Zc:forScope /Zc:inline /Fo"Debug\\" /Fd"Debug\vc142.pdb" /external:W3 /Gd /TP /analyze- /FC /errorReport:prompt "Лаба 5.2.cpp"
         Лаба 5.2.cpp
     1>D:\_УЧЁБА_\Лабораторные работы\ОАП (Белодед)\Лаба 5\Лаба 5.2\Лаба 5.2.cpp(6,15): warning C4305: инициализация: усечение из "double" в "float"
     1>D:\_УЧЁБА_\Лабораторные работы\ОАП (Белодед)\Лаба 5\Лаба 5.2\Лаба 5.2.cpp(6,34): warning C4305: инициализация: усечение из "double" в "float"
     1>D:\_УЧЁБА_\Лабораторные работы\ОАП (Белодед)\Лаба 5\Лаба 5.2\Лаба 5.2.cpp(15,11): warning C4305: +=: усечение из "double" в "float"
       Link:
         C:\Program Files (x86)\Microsoft Visual Studio\2019\Community\VC\Tools\MSVC\14.29.30133\bin\HostX86\x86\link.exe /ERRORREPORT:PROMPT /OUT:"D:\_УЧЁБА_\Лабораторные работы\ОАП (Белодед)\Лаба 5\Debug\Лаба 5.2.exe" /INCREMENTAL /ILK:"Debug\Лаба 5.2.ilk" /NOLOGO kernel32.lib user32.lib gdi32.lib winspool.lib comdlg32.lib advapi32.lib shell32.lib ole32.lib oleaut32.lib uuid.lib odbc32.lib odbccp32.lib /MANIFEST /MANIFESTUAC:"level='asInvoker' uiAccess='false'" /manifest:embed /DEBUG /PDB:"D:\_УЧЁБА_\Лабораторные работы\ОАП (Белодед)\Лаба 5\Debug\Лаба 5.2.pdb" /SUBSYSTEM:CONSOLE /TLBID:1 /DYNAMICBASE /NXCOMPAT /IMPLIB:"D:\_УЧЁБА_\Лабораторные работы\ОАП (Белодед)\Лаба 5\Debug\Лаба 5.2.lib" /MACHINE:X86 "Debug\Лаба 5.2.obj"
         Лаба 5.2.vcxproj -> D:\_УЧЁБА_\Лабораторные работы\ОАП (Белодед)\Лаба 5\Debug\Лаба 5.2.exe
       FinalizeBuildStatus:
         Файл "Debug\Лаба 5.2.tlog\unsuccessfulbuild" удаляется.
         Обращение к "Debug\Лаба 5.2.tlog\Лаба 5.2.lastbuildstate".
     1>Сборка проекта "D:\_УЧЁБА_\Лабораторные работы\ОАП (Белодед)\Лаба 5\Лаба 5.2\Лаба 5.2.vcxproj" завершена (целевые объекты Build).

Сборка успешно завершена.

       "D:\_УЧЁБА_\Лабораторные работы\ОАП (Белодед)\Лаба 5\Лаба 5.2\Лаба 5.2.vcxproj" (целевой объект Build ) (1) ->
       (Целевой объект ClCompile) -> 
         D:\_УЧЁБА_\Лабораторные работы\ОАП (Белодед)\Лаба 5\Лаба 5.2\Лаба 5.2.cpp(6,15): warning C4305: инициализация: усечение из "double" в "float"
         D:\_УЧЁБА_\Лабораторные работы\ОАП (Белодед)\Лаба 5\Лаба 5.2\Лаба 5.2.cpp(6,34): warning C4305: инициализация: усечение из "double" в "float"
         D:\_УЧЁБА_\Лабораторные работы\ОАП (Белодед)\Лаба 5\Лаба 5.2\Лаба 5.2.cpp(15,11): warning C4305: +=: усечение из "double" в "float"

    Предупреждений: 3
    Ошибок: 0

Прошло времени 00:00:00.69
