Сборка начата 06.10.2021 9:07:33.
Уровень детализации журнала: Normal.     1>Проект "D:\_УЧЁБА_\Лабораторные работы\ОАП (Белодед)\Лаба 9\Лаба 9\Лаба 9.vcxproj" в узле 2 (целевые объекты Build).
     1>C:\Program Files (x86)\Microsoft Visual Studio\2019\Community\MSBuild\Microsoft\VC\v160\Microsoft.CppBuild.targets(513,5): warning MSB8028: промежуточный каталог (Debug\) содержит файлы, которые используются совместно с другим проектом (Лаба 9.vcxproj).  Это может привести к ошибкам очистки и перестроения.
         Создание каталога "Debug\Лаба 9.1.tlog\".
     1>InitializeBuildStatus:
         Создание "Debug\Лаба 9.1.tlog\unsuccessfulbuild", так как было задано "AlwaysCreate".
       ClCompile:
         C:\Program Files (x86)\Microsoft Visual Studio\2019\Community\VC\Tools\MSVC\14.29.30133\bin\HostX86\x86\CL.exe /c /ZI /JMC /nologo /W3 /WX- /diagnostics:column /sdl /Od /Oy- /D WIN32 /D _DEBUG /D _CONSOLE /D _UNICODE /D UNICODE /Gm- /EHsc /RTC1 /MDd /GS /fp:precise /permissive- /Zc:wchar_t /Zc:forScope /Zc:inline /Fo"Debug\\" /Fd"Debug\vc142.pdb" /external:W3 /Gd /TP /analyze- /FC /errorReport:prompt "Лаба 9.1.cpp"
         Лаба 9.1.cpp
       Link:
         C:\Program Files (x86)\Microsoft Visual Studio\2019\Community\VC\Tools\MSVC\14.29.30133\bin\HostX86\x86\link.exe /ERRORREPORT:PROMPT /OUT:"D:\_УЧЁБА_\Лабораторные работы\ОАП (Белодед)\Лаба 9\Debug\Лаба 9.1.exe" /INCREMENTAL /ILK:"Debug\Лаба 9.1.ilk" /NOLOGO kernel32.lib user32.lib gdi32.lib winspool.lib comdlg32.lib advapi32.lib shell32.lib ole32.lib oleaut32.lib uuid.lib odbc32.lib odbccp32.lib /MANIFEST /MANIFESTUAC:"level='asInvoker' uiAccess='false'" /manifest:embed /DEBUG /PDB:"D:\_УЧЁБА_\Лабораторные работы\ОАП (Белодед)\Лаба 9\Debug\Лаба 9.1.pdb" /SUBSYSTEM:CONSOLE /TLBID:1 /DYNAMICBASE /NXCOMPAT /IMPLIB:"D:\_УЧЁБА_\Лабораторные работы\ОАП (Белодед)\Лаба 9\Debug\Лаба 9.1.lib" /MACHINE:X86 "Debug\Лаба 9.1.obj"
         Лаба 9.vcxproj -> D:\_УЧЁБА_\Лабораторные работы\ОАП (Белодед)\Лаба 9\Debug\Лаба 9.1.exe
       FinalizeBuildStatus:
         Файл "Debug\Лаба 9.1.tlog\unsuccessfulbuild" удаляется.
         Обращение к "Debug\Лаба 9.1.tlog\Лаба 9.1.lastbuildstate".
     1>Сборка проекта "D:\_УЧЁБА_\Лабораторные работы\ОАП (Белодед)\Лаба 9\Лаба 9\Лаба 9.vcxproj" завершена (целевые объекты Build).

Сборка успешно завершена.

       "D:\_УЧЁБА_\Лабораторные работы\ОАП (Белодед)\Лаба 9\Лаба 9\Лаба 9.vcxproj" (целевой объект Build ) (1) ->
       (Целевой объект PrepareForBuild) -> 
         C:\Program Files (x86)\Microsoft Visual Studio\2019\Community\MSBuild\Microsoft\VC\v160\Microsoft.CppBuild.targets(513,5): warning MSB8028: промежуточный каталог (Debug\) содержит файлы, которые используются совместно с другим проектом (Лаба 9.vcxproj).  Это может привести к ошибкам очистки и перестроения.

    Предупреждений: 1
    Ошибок: 0

Прошло времени 00:00:01.24
