Сборка начата 07.11.2021 20:27:00.
Уровень детализации журнала: Normal.     1>Проект "D:\_УЧЁБА_\Лабораторные работы\ОПИ (Наркевич)\Новая папка\Лаба 8\Лаба 8\Лаба 8.vcxproj" в узле 2 (целевые объекты Build).
     1>PrepareForBuild:
         Создание каталога "D:\_УЧЁБА_\Лабораторные работы\ОПИ (Наркевич)\Новая папка\Лаба 8\Debug\".
         Создание каталога "Debug\Лаба 8.tlog\".
       InitializeBuildStatus:
         Создание "Debug\Лаба 8.tlog\unsuccessfulbuild", так как было задано "AlwaysCreate".
       ClCompile:
         C:\Program Files (x86)\Microsoft Visual Studio\2019\Community\VC\Tools\MSVC\14.29.30133\bin\HostX86\x86\CL.exe /c /ZI /JMC /nologo /W3 /WX- /diagnostics:column /sdl /Od /Oy- /D WIN32 /D _DEBUG /D _CONSOLE /D _UNICODE /D UNICODE /Gm- /EHsc /RTC1 /MDd /GS /fp:precise /permissive- /Zc:wchar_t /Zc:forScope /Zc:inline /Fo"Debug\\" /Fd"Debug\vc142.pdb" /external:W3 /Gd /TP /analyze- /FC /errorReport:prompt Source.cpp
         Source.cpp
       Link:
         C:\Program Files (x86)\Microsoft Visual Studio\2019\Community\VC\Tools\MSVC\14.29.30133\bin\HostX86\x86\link.exe /ERRORREPORT:PROMPT /OUT:"D:\_УЧЁБА_\Лабораторные работы\ОПИ (Наркевич)\Новая папка\Лаба 8\Debug\Лаба 8.exe" /INCREMENTAL /ILK:"Debug\Лаба 8.ilk" /NOLOGO kernel32.lib user32.lib gdi32.lib winspool.lib comdlg32.lib advapi32.lib shell32.lib ole32.lib oleaut32.lib uuid.lib odbc32.lib odbccp32.lib /MANIFEST /MANIFESTUAC:"level='asInvoker' uiAccess='false'" /manifest:embed /DEBUG /PDB:"D:\_УЧЁБА_\Лабораторные работы\ОПИ (Наркевич)\Новая папка\Лаба 8\Debug\Лаба 8.pdb" /SUBSYSTEM:CONSOLE /TLBID:1 /DYNAMICBASE /NXCOMPAT /IMPLIB:"D:\_УЧЁБА_\Лабораторные работы\ОПИ (Наркевич)\Новая папка\Лаба 8\Debug\Лаба 8.lib" /MACHINE:X86 Debug\Source.obj
         Лаба 8.vcxproj -> D:\_УЧЁБА_\Лабораторные работы\ОПИ (Наркевич)\Новая папка\Лаба 8\Debug\Лаба 8.exe
       FinalizeBuildStatus:
         Файл "Debug\Лаба 8.tlog\unsuccessfulbuild" удаляется.
         Обращение к "Debug\Лаба 8.tlog\Лаба 8.lastbuildstate".
     1>Сборка проекта "D:\_УЧЁБА_\Лабораторные работы\ОПИ (Наркевич)\Новая папка\Лаба 8\Лаба 8\Лаба 8.vcxproj" завершена (целевые объекты Build).

Сборка успешно завершена.
    Предупреждений: 0
    Ошибок: 0

Прошло времени 00:00:01.41
