Сборка начата 11.10.2021 17:25:30.
Уровень детализации журнала: Normal.     1>Проект "D:\_УЧЁБА_\Лабораторные работы\ОАП (Белодед)\Лаба 10\Лаба 10-1\Лаба 10-1.vcxproj" в узле 2 (целевые объекты Build).
     1>InitializeBuildStatus:
         Создание "x64\Debug\Лаба 10-1.tlog\unsuccessfulbuild", так как было задано "AlwaysCreate".
       ClCompile:
         C:\Program Files (x86)\Microsoft Visual Studio\2019\Community\VC\Tools\MSVC\14.29.30133\bin\HostX86\x64\CL.exe /c /ZI /JMC /nologo /W3 /WX- /diagnostics:column /sdl /Od /D _DEBUG /D _CONSOLE /D _UNICODE /D UNICODE /Gm- /EHsc /RTC1 /MDd /GS /fp:precise /permissive- /Zc:wchar_t /Zc:forScope /Zc:inline /Fo"x64\Debug\\" /Fd"x64\Debug\vc142.pdb" /external:W3 /Gd /TP /FC /errorReport:prompt "Лаба 10-1.cpp"
         Лаба 10-1.cpp
     1>D:\_УЧЁБА_\Лабораторные работы\ОАП (Белодед)\Лаба 10\Лаба 10-1\Лаба 10-1.cpp(4,1): warning C4326: возвращаемый тип "main" должен быть "int", а не "void"
       Link:
         C:\Program Files (x86)\Microsoft Visual Studio\2019\Community\VC\Tools\MSVC\14.29.30133\bin\HostX86\x64\link.exe /ERRORREPORT:PROMPT /OUT:"D:\_УЧЁБА_\Лабораторные работы\ОАП (Белодед)\Лаба 10\x64\Debug\Лаба 10-1.exe" /INCREMENTAL /ILK:"x64\Debug\Лаба 10-1.ilk" /NOLOGO kernel32.lib user32.lib gdi32.lib winspool.lib comdlg32.lib advapi32.lib shell32.lib ole32.lib oleaut32.lib uuid.lib odbc32.lib odbccp32.lib /MANIFEST /MANIFESTUAC:"level='asInvoker' uiAccess='false'" /manifest:embed /DEBUG /PDB:"D:\_УЧЁБА_\Лабораторные работы\ОАП (Белодед)\Лаба 10\x64\Debug\Лаба 10-1.pdb" /SUBSYSTEM:CONSOLE /TLBID:1 /DYNAMICBASE /NXCOMPAT /IMPLIB:"D:\_УЧЁБА_\Лабораторные работы\ОАП (Белодед)\Лаба 10\x64\Debug\Лаба 10-1.lib" /MACHINE:X64 "x64\Debug\Лаба 10-1.obj"
         Лаба 10-1.vcxproj -> D:\_УЧЁБА_\Лабораторные работы\ОАП (Белодед)\Лаба 10\x64\Debug\Лаба 10-1.exe
       FinalizeBuildStatus:
         Файл "x64\Debug\Лаба 10-1.tlog\unsuccessfulbuild" удаляется.
         Обращение к "x64\Debug\Лаба 10-1.tlog\Лаба 10-1.lastbuildstate".
     1>Сборка проекта "D:\_УЧЁБА_\Лабораторные работы\ОАП (Белодед)\Лаба 10\Лаба 10-1\Лаба 10-1.vcxproj" завершена (целевые объекты Build).

Сборка успешно завершена.

       "D:\_УЧЁБА_\Лабораторные работы\ОАП (Белодед)\Лаба 10\Лаба 10-1\Лаба 10-1.vcxproj" (целевой объект Build ) (1) ->
       (Целевой объект ClCompile) -> 
         D:\_УЧЁБА_\Лабораторные работы\ОАП (Белодед)\Лаба 10\Лаба 10-1\Лаба 10-1.cpp(4,1): warning C4326: возвращаемый тип "main" должен быть "int", а не "void"

    Предупреждений: 1
    Ошибок: 0

Прошло времени 00:00:01.35
